PhotoAlbum/build/outputs/logs/manifest-merger-debug-report.txt
-- Merging decision tree log ---
manifest
ADDED from MDStudySample\PhotoAlbum\AndroidManifest.xml:2:1-29:12
INJECTED from MDStudySample\PhotoAlbum\AndroidManifest.xml:2:1-29:12
INJECTED from MDStudySample\PhotoAlbum\AndroidManifest.xml:2:1-29:12
INJECTED from MDStudySample\PhotoAlbum\AndroidManifest.xml:2:1-29:12
INJECTED from MDStudySample\PhotoAlbum\AndroidManifest.xml:2:1-29:12
	package
		ADDED from MDStudySample\PhotoAlbum\AndroidManifest.xml:3:5-37
	android:versionName
		ADDED from MDStudySample\PhotoAlbum\AndroidManifest.xml:5:5-30
		INJECTED from MDStudySample\PhotoAlbum\AndroidManifest.xml
		INJECTED from MDStudySample\PhotoAlbum\AndroidManifest.xml
	xmlns:android
		ADDED from MDStudySample\PhotoAlbum\AndroidManifest.xml:2:11-69
	android:versionCode
		ADDED from MDStudySample\PhotoAlbum\AndroidManifest.xml:4:5-28
		INJECTED from MDStudySample\PhotoAlbum\AndroidManifest.xml
		INJECTED from MDStudySample\PhotoAlbum\AndroidManifest.xml
uses-sdk
ADDED from MDStudySample\PhotoAlbum\AndroidManifest.xml:7:5-9:41
	android:targetSdkVersion
		ADDED from MDStudySample\PhotoAlbum\AndroidManifest.xml:9:9-38
	android:minSdkVersion
		ADDED from MDStudySample\PhotoAlbum\AndroidManifest.xml:8:9-34
application
ADDED from MDStudySample\PhotoAlbum\AndroidManifest.xml:11:5-27:19
	android:label
		ADDED from MDStudySample\PhotoAlbum\AndroidManifest.xml:14:9-41
	android:icon
		ADDED from MDStudySample\PhotoAlbum\AndroidManifest.xml:13:9-45
	android:allowBackup
		ADDED from MDStudySample\PhotoAlbum\AndroidManifest.xml:12:9-35
	android:theme
		ADDED from MDStudySample\PhotoAlbum\AndroidManifest.xml:15:9-40
activity#com.example.photoalbum.MainActivity
ADDED from MDStudySample\PhotoAlbum\AndroidManifest.xml:16:9-24:20
	android:label
		ADDED from MDStudySample\PhotoAlbum\AndroidManifest.xml:18:13-45
	android:name
		ADDED from MDStudySample\PhotoAlbum\AndroidManifest.xml:17:13-63
intent-filter#android.intent.action.MAIN+android.intent.category.LAUNCHER
ADDED from MDStudySample\PhotoAlbum\AndroidManifest.xml:19:13-23:29
action#android.intent.action.MAIN
ADDED from MDStudySample\PhotoAlbum\AndroidManifest.xml:20:17-69
	android:name
		ADDED from MDStudySample\PhotoAlbum\AndroidManifest.xml:20:25-66
category#android.intent.category.LAUNCHER
ADDED from MDStudySample\PhotoAlbum\AndroidManifest.xml:22:17-77
	android:name
		ADDED from MDStudySample\PhotoAlbum\AndroidManifest.xml:22:27-74
activity#com.example.photoalbum.ShowPhotoActivity
ADDED from MDStudySample\PhotoAlbum\AndroidManifest.xml:26:9-64
	android:name
		ADDED from MDStudySample\PhotoAlbum\AndroidManifest.xml:26:19-52